

***********************************************************************
Fatal NI connect error 12543, connecting to:
 (DESCRIPTION=(CONNECT_DATA=(SERVICE_NAME=)(CID=(PROGRAM=C:\Users\User\Documents\Visual Studio 2013\Projects\App CHAT\ScratchChat.exe)(HOST=PC12)(USER=User)))(ADDRESS=(PROTOCOL=TCP)(HOST=192.168.12.99)(PORT=1521)))

  VERSION INFORMATION:
	TNS for 32-bit Windows: Version 10.2.0.1.0 - Production
	Windows NT TCP/IP NT Protocol Adapter for 32-bit Windows: Version 10.2.0.1.0 - Production
  Time: 20-OCT-2017 09:37:42
  Tracing not turned on.
  Tns error struct:
    ns main err code: 12543
    TNS-12543: TNS:destination host unreachable
    ns secondary err code: 12560
    nt main err code: 513
    TNS-00513: Destination host unreachable
    nt secondary err code: 51
    nt OS err code: 0


***********************************************************************
Fatal NI connect error 12543, connecting to:
 (DESCRIPTION=(CONNECT_DATA=(SERVICE_NAME=)(CID=(PROGRAM=C:\Users\User\Documents\Visual Studio 2013\Projects\App CHAT\ScratchChat.exe)(HOST=PC12)(USER=User)))(ADDRESS=(PROTOCOL=TCP)(HOST=192.168.12.99)(PORT=1521)))

  VERSION INFORMATION:
	TNS for 32-bit Windows: Version 10.2.0.1.0 - Production
	Windows NT TCP/IP NT Protocol Adapter for 32-bit Windows: Version 10.2.0.1.0 - Production
  Time: 20-OCT-2017 09:37:47
  Tracing not turned on.
  Tns error struct:
    ns main err code: 12543
    TNS-12543: TNS:destination host unreachable
    ns secondary err code: 12560
    nt main err code: 513
    TNS-00513: Destination host unreachable
    nt secondary err code: 51
    nt OS err code: 0


***********************************************************************
Fatal NI connect error 12543, connecting to:
 (DESCRIPTION=(CONNECT_DATA=(SERVICE_NAME=)(CID=(PROGRAM=C:\Users\User\Documents\Visual Studio 2013\Projects\App CHAT\ScratchChat.exe)(HOST=PC12)(USER=User)))(ADDRESS=(PROTOCOL=TCP)(HOST=192.168.12.99)(PORT=1521)))

  VERSION INFORMATION:
	TNS for 32-bit Windows: Version 10.2.0.1.0 - Production
	Windows NT TCP/IP NT Protocol Adapter for 32-bit Windows: Version 10.2.0.1.0 - Production
  Time: 20-OCT-2017 09:37:59
  Tracing not turned on.
  Tns error struct:
    ns main err code: 12543
    TNS-12543: TNS:destination host unreachable
    ns secondary err code: 12560
    nt main err code: 513
    TNS-00513: Destination host unreachable
    nt secondary err code: 51
    nt OS err code: 0


***********************************************************************
Fatal NI connect error 12543, connecting to:
 (DESCRIPTION=(CONNECT_DATA=(SERVICE_NAME=)(CID=(PROGRAM=C:\Users\User\Documents\Visual Studio 2013\Projects\App CHAT\ScratchChat.exe)(HOST=PC12)(USER=User)))(ADDRESS=(PROTOCOL=TCP)(HOST=192.168.12.99)(PORT=1521)))

  VERSION INFORMATION:
	TNS for 32-bit Windows: Version 10.2.0.1.0 - Production
	Windows NT TCP/IP NT Protocol Adapter for 32-bit Windows: Version 10.2.0.1.0 - Production
  Time: 20-OCT-2017 09:38:12
  Tracing not turned on.
  Tns error struct:
    ns main err code: 12543
    TNS-12543: TNS:destination host unreachable
    ns secondary err code: 12560
    nt main err code: 513
    TNS-00513: Destination host unreachable
    nt secondary err code: 51
    nt OS err code: 0


***********************************************************************
Fatal NI connect error 12543, connecting to:
 (DESCRIPTION=(CONNECT_DATA=(SERVICE_NAME=)(CID=(PROGRAM=C:\Users\User\Documents\Visual Studio 2013\Projects\App CHAT\ScratchChat.exe)(HOST=PC12)(USER=User)))(ADDRESS=(PROTOCOL=TCP)(HOST=192.168.12.99)(PORT=1521)))

  VERSION INFORMATION:
	TNS for 32-bit Windows: Version 10.2.0.1.0 - Production
	Windows NT TCP/IP NT Protocol Adapter for 32-bit Windows: Version 10.2.0.1.0 - Production
  Time: 20-OCT-2017 09:38:21
  Tracing not turned on.
  Tns error struct:
    ns main err code: 12543
    TNS-12543: TNS:destination host unreachable
    ns secondary err code: 12560
    nt main err code: 513
    TNS-00513: Destination host unreachable
    nt secondary err code: 51
    nt OS err code: 0


***********************************************************************
Fatal NI connect error 12543, connecting to:
 (DESCRIPTION=(CONNECT_DATA=(SERVICE_NAME=)(CID=(PROGRAM=C:\Users\User\Documents\Visual Studio 2013\Projects\App CHAT\ScratchChat.exe)(HOST=PC12)(USER=User)))(ADDRESS=(PROTOCOL=TCP)(HOST=192.168.12.99)(PORT=1521)))

  VERSION INFORMATION:
	TNS for 32-bit Windows: Version 10.2.0.1.0 - Production
	Windows NT TCP/IP NT Protocol Adapter for 32-bit Windows: Version 10.2.0.1.0 - Production
  Time: 20-OCT-2017 09:38:37
  Tracing not turned on.
  Tns error struct:
    ns main err code: 12543
    TNS-12543: TNS:destination host unreachable
    ns secondary err code: 12560
    nt main err code: 513
    TNS-00513: Destination host unreachable
    nt secondary err code: 51
    nt OS err code: 0


***********************************************************************
Fatal NI connect error 12543, connecting to:
 (DESCRIPTION=(CONNECT_DATA=(SERVICE_NAME=)(CID=(PROGRAM=C:\Users\User\Documents\Visual Studio 2013\Projects\App CHAT\ScratchChat.exe)(HOST=PC12)(USER=User)))(ADDRESS=(PROTOCOL=TCP)(HOST=192.168.12.99)(PORT=1521)))

  VERSION INFORMATION:
	TNS for 32-bit Windows: Version 10.2.0.1.0 - Production
	Windows NT TCP/IP NT Protocol Adapter for 32-bit Windows: Version 10.2.0.1.0 - Production
  Time: 20-OCT-2017 09:39:03
  Tracing not turned on.
  Tns error struct:
    ns main err code: 12543
    TNS-12543: TNS:destination host unreachable
    ns secondary err code: 12560
    nt main err code: 513
    TNS-00513: Destination host unreachable
    nt secondary err code: 51
    nt OS err code: 0


***********************************************************************
Fatal NI connect error 12543, connecting to:
 (DESCRIPTION=(CONNECT_DATA=(SERVICE_NAME=)(CID=(PROGRAM=C:\Users\User\Documents\Visual Studio 2013\Projects\App CHAT\ScratchChat.exe)(HOST=PC12)(USER=User)))(ADDRESS=(PROTOCOL=TCP)(HOST=192.168.12.99)(PORT=1521)))

  VERSION INFORMATION:
	TNS for 32-bit Windows: Version 10.2.0.1.0 - Production
	Windows NT TCP/IP NT Protocol Adapter for 32-bit Windows: Version 10.2.0.1.0 - Production
  Time: 20-OCT-2017 09:40:06
  Tracing not turned on.
  Tns error struct:
    ns main err code: 12543
    TNS-12543: TNS:destination host unreachable
    ns secondary err code: 12560
    nt main err code: 513
    TNS-00513: Destination host unreachable
    nt secondary err code: 51
    nt OS err code: 0


***********************************************************************
Fatal NI connect error 12516, connecting to:
 (DESCRIPTION=(CONNECT_DATA=(SERVICE_NAME=)(CID=(PROGRAM=C:\Users\User\Documents\Visual Studio 2013\Projects\App CHAT\ScratchChat.exe)(HOST=PC12)(USER=User)))(ADDRESS=(PROTOCOL=TCP)(HOST=192.168.12.99)(PORT=1521)))

  VERSION INFORMATION:
	TNS for 32-bit Windows: Version 10.2.0.1.0 - Production
	Windows NT TCP/IP NT Protocol Adapter for 32-bit Windows: Version 10.2.0.1.0 - Production
  Time: 20-OCT-2017 09:41:38
  Tracing not turned on.
  Tns error struct:
    ns main err code: 12564
    TNS-12564: TNS:connection refused
    ns secondary err code: 0
    nt main err code: 0
    nt secondary err code: 0
    nt OS err code: 0


***********************************************************************
Fatal NI connect error 12516, connecting to:
 (DESCRIPTION=(CONNECT_DATA=(SERVICE_NAME=)(CID=(PROGRAM=C:\Users\User\Documents\Visual Studio 2013\Projects\App CHAT\ScratchChat.exe)(HOST=PC12)(USER=User)))(ADDRESS=(PROTOCOL=TCP)(HOST=192.168.12.99)(PORT=1521)))

  VERSION INFORMATION:
	TNS for 32-bit Windows: Version 10.2.0.1.0 - Production
	Windows NT TCP/IP NT Protocol Adapter for 32-bit Windows: Version 10.2.0.1.0 - Production
  Time: 20-OCT-2017 09:41:50
  Tracing not turned on.
  Tns error struct:
    ns main err code: 12564
    TNS-12564: TNS:connection refused
    ns secondary err code: 0
    nt main err code: 0
    nt secondary err code: 0
    nt OS err code: 0


***********************************************************************
Fatal NI connect error 12516, connecting to:
 (DESCRIPTION=(CONNECT_DATA=(SERVICE_NAME=)(CID=(PROGRAM=C:\Users\User\Documents\Visual Studio 2013\Projects\App CHAT\ScratchChat.exe)(HOST=PC12)(USER=User)))(ADDRESS=(PROTOCOL=TCP)(HOST=192.168.12.99)(PORT=1521)))

  VERSION INFORMATION:
	TNS for 32-bit Windows: Version 10.2.0.1.0 - Production
	Windows NT TCP/IP NT Protocol Adapter for 32-bit Windows: Version 10.2.0.1.0 - Production
  Time: 20-OCT-2017 09:42:02
  Tracing not turned on.
  Tns error struct:
    ns main err code: 12564
    TNS-12564: TNS:connection refused
    ns secondary err code: 0
    nt main err code: 0
    nt secondary err code: 0
    nt OS err code: 0


***********************************************************************
Fatal NI connect error 12516, connecting to:
 (DESCRIPTION=(CONNECT_DATA=(SERVICE_NAME=)(CID=(PROGRAM=C:\Users\User\Documents\Visual Studio 2013\Projects\App CHAT\ScratchChat.exe)(HOST=PC12)(USER=User)))(ADDRESS=(PROTOCOL=TCP)(HOST=192.168.12.99)(PORT=1521)))

  VERSION INFORMATION:
	TNS for 32-bit Windows: Version 10.2.0.1.0 - Production
	Windows NT TCP/IP NT Protocol Adapter for 32-bit Windows: Version 10.2.0.1.0 - Production
  Time: 20-OCT-2017 09:42:09
  Tracing not turned on.
  Tns error struct:
    ns main err code: 12564
    TNS-12564: TNS:connection refused
    ns secondary err code: 0
    nt main err code: 0
    nt secondary err code: 0
    nt OS err code: 0


***********************************************************************
Fatal NI connect error 12516, connecting to:
 (DESCRIPTION=(CONNECT_DATA=(SERVICE_NAME=)(CID=(PROGRAM=C:\Users\User\Documents\Visual Studio 2013\Projects\App CHAT\ScratchChat.exe)(HOST=PC12)(USER=User)))(ADDRESS=(PROTOCOL=TCP)(HOST=192.168.12.99)(PORT=1521)))

  VERSION INFORMATION:
	TNS for 32-bit Windows: Version 10.2.0.1.0 - Production
	Windows NT TCP/IP NT Protocol Adapter for 32-bit Windows: Version 10.2.0.1.0 - Production
  Time: 20-OCT-2017 09:42:21
  Tracing not turned on.
  Tns error struct:
    ns main err code: 12564
    TNS-12564: TNS:connection refused
    ns secondary err code: 0
    nt main err code: 0
    nt secondary err code: 0
    nt OS err code: 0


***********************************************************************
Fatal NI connect error 12516, connecting to:
 (DESCRIPTION=(CONNECT_DATA=(SERVICE_NAME=)(CID=(PROGRAM=C:\Users\User\Documents\Visual Studio 2013\Projects\App CHAT\ScratchChat.exe)(HOST=PC12)(USER=User)))(ADDRESS=(PROTOCOL=TCP)(HOST=192.168.12.99)(PORT=1521)))

  VERSION INFORMATION:
	TNS for 32-bit Windows: Version 10.2.0.1.0 - Production
	Windows NT TCP/IP NT Protocol Adapter for 32-bit Windows: Version 10.2.0.1.0 - Production
  Time: 20-OCT-2017 09:42:46
  Tracing not turned on.
  Tns error struct:
    ns main err code: 12564
    TNS-12564: TNS:connection refused
    ns secondary err code: 0
    nt main err code: 0
    nt secondary err code: 0
    nt OS err code: 0


***********************************************************************
Fatal NI connect error 12516, connecting to:
 (DESCRIPTION=(CONNECT_DATA=(SERVICE_NAME=)(CID=(PROGRAM=C:\Users\User\Documents\Visual Studio 2013\Projects\App CHAT\ScratchChat.exe)(HOST=PC12)(USER=User)))(ADDRESS=(PROTOCOL=TCP)(HOST=192.168.12.99)(PORT=1521)))

  VERSION INFORMATION:
	TNS for 32-bit Windows: Version 10.2.0.1.0 - Production
	Windows NT TCP/IP NT Protocol Adapter for 32-bit Windows: Version 10.2.0.1.0 - Production
  Time: 20-OCT-2017 09:43:16
  Tracing not turned on.
  Tns error struct:
    ns main err code: 12564
    TNS-12564: TNS:connection refused
    ns secondary err code: 0
    nt main err code: 0
    nt secondary err code: 0
    nt OS err code: 0
